# JRE version: OpenJDK Runtime Environment Microsoft-8297089 (17.0.8.1+1) (build 17.0.8.1+1-LTS)
# Java VM: OpenJDK 64-Bit Server VM Microsoft-8297089 (17.0.8.1+1-LTS, mixed mode, sharing, tiered, compressed oops, compressed class ptrs, g1 gc, windows-amd64)
GC Precious Log:
 CPUs: 8 total, 8 available
 Memory: 14272M
 Large Page Support: Disabled
 NUMA Support: Disabled
 Compressed Oops: Enabled (Zero based)
 Heap Region Size: 2M
 Heap Min Capacity: 8M
 Heap Initial Capacity: 224M
 Heap Max Capacity: 3570M
 Pre-touch: Disabled
 Parallel Workers: 8
 Concurrent Workers: 2
 Concurrent Refinement Workers: 8
 Periodic GC: Disabled
Heap:
 garbage-first heap   total 229376K, used 70936K [0x0000000720e00000, 0x0000000800000000)
  region size 2048K, 5 young (10240K), 5 survivors (10240K)
 Metaspace       used 4311K, committed 4416K, reserved 1114112K
  class space    used 438K, committed 512K, reserved 1048576K
GC Heap History (9 events):
Event: 0.239 GC heap before
{Heap before GC invocations=0 (full 0):
 garbage-first heap   total 229376K, used 34816K [0x0000000720e00000, 0x0000000800000000)
  region size 2048K, 11 young (22528K), 0 survivors (0K)
 Metaspace       used 255K, committed 320K, reserved 1114112K
  class space    used 8K, committed 64K, reserved 1048576K
}
Event: 0.248 GC heap after
{Heap after GC invocations=1 (full 0):
 garbage-first heap   total 229376K, used 19072K [0x0000000720e00000, 0x0000000800000000)
  region size 2048K, 2 young (4096K), 2 survivors (4096K)
 Metaspace       used 255K, committed 320K, reserved 1114112K
  class space    used 8K, committed 64K, reserved 1048576K
}
Event: 0.348 GC heap before
{Heap before GC invocations=1 (full 0):
 garbage-first heap   total 229376K, used 43648K [0x0000000720e00000, 0x0000000800000000)
  region size 2048K, 8 young (16384K), 2 survivors (4096K)
 Metaspace       used 1581K, committed 1792K, reserved 1114112K
  class space    used 141K, committed 256K, reserved 1048576K
}
Event: 0.356 GC heap after
{Heap after GC invocations=2 (full 0):
 garbage-first heap   total 229376K, used 32606K [0x0000000720e00000, 0x0000000800000000)
  region size 2048K, 1 young (2048K), 1 survivors (2048K)
 Metaspace       used 1581K, committed 1792K, reserved 1114112K
  class space    used 141K, committed 256K, reserved 1048576K
}
Event: 0.582 GC heap before
{Heap before GC invocations=2 (full 0):
 garbage-first heap   total 229376K, used 48990K [0x0000000720e00000, 0x0000000800000000)
  region size 2048K, 9 young (18432K), 1 survivors (2048K)
 Metaspace       used 3069K, committed 3200K, reserved 1114112K
  class space    used 308K, committed 384K, reserved 1048576K
}
Event: 0.585 GC heap after
{Heap after GC invocations=3 (full 0):
 garbage-first heap   total 229376K, used 35066K [0x0000000720e00000, 0x0000000800000000)
  region size 2048K, 2 young (4096K), 2 survivors (4096K)
 Metaspace       used 3069K, committed 3200K, reserved 1114112K
  class space    used 308K, committed 384K, reserved 1048576K
}
Event: 0.734 GC heap before
{Heap before GC invocations=3 (full 0):
 garbage-first heap   total 229376K, used 104698K [0x0000000720e00000, 0x0000000800000000)
  region size 2048K, 26 young (53248K), 2 survivors (4096K)
 Metaspace       used 3292K, committed 3456K, reserved 1114112K
  class space    used 326K, committed 448K, reserved 1048576K
}
Event: 0.751 GC heap after
{Heap after GC invocations=4 (full 0):
 garbage-first heap   total 229376K, used 68975K [0x0000000720e00000, 0x0000000800000000)
  region size 2048K, 4 young (8192K), 4 survivors (8192K)
 Metaspace       used 3292K, committed 3456K, reserved 1114112K
  class space    used 326K, committed 448K, reserved 1048576K
}
Event: 1.041 GC heap before
{Heap before GC invocations=4 (full 0):
 garbage-first heap   total 229376K, used 171375K [0x0000000720e00000, 0x0000000800000000)
  region size 2048K, 40 young (81920K), 4 survivors (8192K)
 Metaspace       used 4311K, committed 4416K, reserved 1114112K
  class space    used 438K, committed 512K, reserved 1048576K
}

